number,value,datetime_start,datetime_complete,duration,params_batch_size,params_dropout1,params_dropout2,params_learning_rate,params_units_layer1,params_units_layer2,state
0,0.36797990202903746,2025-04-27 22:50:29.141468,2025-04-27 22:50:59.012681,0 days 00:00:29.871213,64,0.459556162839325,0.1854768908322106,0.00011364665333614779,33,112,COMPLETE
1,0.38003148436546325,2025-04-27 22:50:59.012910,2025-04-27 22:51:21.290883,0 days 00:00:22.277973,32,0.4012210474648493,0.335335993802894,0.006651481726709152,249,88,COMPLETE
2,0.38132319450378416,2025-04-27 22:51:21.291114,2025-04-27 22:51:56.455789,0 days 00:00:35.164675,32,0.37897186906391656,0.10567320860779583,0.00016758741403128213,44,48,COMPLETE
3,0.3832605302333832,2025-04-27 22:51:56.456058,2025-04-27 22:52:30.936815,0 days 00:00:34.480757,32,0.10992731026249998,0.49597654560040794,0.000944753705148029,37,45,COMPLETE
4,0.38498281240463256,2025-04-27 22:52:30.937077,2025-04-27 22:53:25.631131,0 days 00:00:54.694054,16,0.20979018445510406,0.4642347962834644,0.00015616726719521072,141,26,COMPLETE
5,0.38498165607452395,2025-04-27 22:53:25.631397,2025-04-27 22:53:34.030904,0 days 00:00:08.399507,128,0.280188899910707,0.3594614759157525,0.008236459879333123,141,112,COMPLETE
6,0.3793858587741852,2025-04-27 22:53:34.031184,2025-04-27 22:53:54.123047,0 days 00:00:20.091863,128,0.28257792527468345,0.1515982898429832,0.00014406051825817577,154,66,COMPLETE
7,0.3843351066112518,2025-04-27 22:53:54.123328,2025-04-27 22:54:09.911998,0 days 00:00:15.788670,32,0.1616464800234549,0.29958803309900717,0.0017647597871136577,156,33,COMPLETE
8,0.38390383720397947,2025-04-27 22:54:09.912308,2025-04-27 22:54:20.931518,0 days 00:00:11.019210,64,0.1937638299146824,0.3731929194933711,0.0032358632309652815,214,94,COMPLETE
9,0.3839031457901001,2025-04-27 22:54:20.931802,2025-04-27 22:54:47.258174,0 days 00:00:26.326372,16,0.3087172191949253,0.2942805005833239,0.0009332273736983391,112,86,COMPLETE
10,0.3869178295135498,2025-04-27 22:54:47.258447,2025-04-27 22:55:39.955700,0 days 00:00:52.697253,16,0.22356898696376856,0.45400352673624317,0.0003850048202712241,98,18,COMPLETE
11,0.38541199564933776,2025-04-27 22:55:39.955947,2025-04-27 22:56:29.232035,0 days 00:00:49.276088,16,0.2106880622056225,0.4936184296910385,0.00037007031486961764,95,16,COMPLETE
12,0.385627281665802,2025-04-27 22:56:29.232281,2025-04-27 22:57:20.253968,0 days 00:00:51.021687,16,0.23630959102853455,0.44001639370583867,0.00039449342989627666,91,17,COMPLETE
13,0.38519670963287356,2025-04-27 22:57:20.254275,2025-04-27 22:58:06.493154,0 days 00:00:46.238879,16,0.25850914480614656,0.4203101686452918,0.00042486297957459947,79,57,COMPLETE
14,0.3858418703079224,2025-04-27 22:58:06.493393,2025-04-27 22:58:56.653288,0 days 00:00:50.159895,16,0.3415150426845678,0.42260743952476115,0.00043211079918014023,76,16,COMPLETE
15,0.3871331214904785,2025-04-27 22:58:56.653524,2025-04-27 22:59:41.813865,0 days 00:00:45.160341,16,0.351564326316399,0.40336918235239716,0.000570754709384961,72,36,COMPLETE
16,0.3864881873130798,2025-04-27 22:59:41.814093,2025-04-27 23:00:10.704757,0 days 00:00:28.890664,16,0.48176078141494133,0.24297292203484813,0.0017392588138802965,186,37,COMPLETE
17,0.384335333108902,2025-04-27 23:00:10.704989,2025-04-27 23:01:00.829606,0 days 00:00:50.124617,16,0.41310629148351585,0.3869451090789922,0.00026657966483366113,119,67,COMPLETE
18,0.3843358039855957,2025-04-27 23:01:00.829838,2025-04-27 23:01:23.889008,0 days 00:00:23.059170,64,0.340343718044927,0.2625387643555187,0.0007175912789149642,64,49,COMPLETE
19,0.38369110226631165,2025-04-27 23:01:23.889240,2025-04-27 23:01:38.595563,0 days 00:00:14.706323,128,0.1302831597410832,0.4515075148872353,0.0016881054390805116,62,33,COMPLETE
20,0.38282926082611085,2025-04-27 23:01:38.595799,2025-04-27 23:02:26.939954,0 days 00:00:48.344155,16,0.3393923561147556,0.40377840138380416,0.00026756482054622117,104,124,COMPLETE
21,0.38562658429145813,2025-04-27 23:02:26.940190,2025-04-27 23:02:50.589565,0 days 00:00:23.649375,16,0.49595373275842,0.23473652588827515,0.0017204825184258207,187,35,COMPLETE
22,0.3845501601696014,2025-04-27 23:02:50.589806,2025-04-27 23:03:27.919714,0 days 00:00:37.329908,16,0.4465492192187984,0.21937707637219722,0.0006705705316392232,182,29,COMPLETE
23,0.38304455280303956,2025-04-27 23:03:27.919999,2025-04-27 23:03:52.611352,0 days 00:00:24.691353,16,0.4747839264943942,0.3310528107803712,0.003452712183581875,186,42,COMPLETE
24,0.38304339051246644,2025-04-27 23:03:52.611620,2025-04-27 23:04:18.504716,0 days 00:00:25.893096,16,0.42552020818038194,0.2576271497927541,0.0026568234040443084,222,57,COMPLETE
25,0.3851971745491028,2025-04-27 23:04:18.505178,2025-04-27 23:05:01.176322,0 days 00:00:42.671144,16,0.38586015345277275,0.33890355142963435,0.000626982363419652,124,24,COMPLETE
26,0.3845508575439453,2025-04-27 23:05:01.176596,2025-04-27 23:05:31.147071,0 days 00:00:29.970475,16,0.24888817205127323,0.4706511121283173,0.0011032221575820798,169,39,COMPLETE
27,0.37852378487586974,2025-04-27 23:05:31.147355,2025-04-27 23:05:49.906091,0 days 00:00:18.758736,128,0.1761466701512611,0.19908744059212288,0.0002591684751553393,52,57,COMPLETE
28,0.3875627636909485,2025-04-27 23:05:49.906353,2025-04-27 23:06:03.461862,0 days 00:00:13.555509,64,0.3109809456097826,0.27423152856212707,0.001229754450287623,208,76,COMPLETE
29,0.384336256980896,2025-04-27 23:06:03.462236,2025-04-27 23:06:15.324357,0 days 00:00:11.862121,64,0.30606799538638463,0.16727592853005036,0.001167199659642761,245,78,COMPLETE
30,0.3843364953994751,2025-04-27 23:06:15.324680,2025-04-27 23:06:37.065676,0 days 00:00:21.740996,64,0.3658586739689521,0.4098355275614637,0.0005473349474694098,207,102,COMPLETE
31,0.38326029777526854,2025-04-27 23:06:37.065921,2025-04-27 23:06:49.033854,0 days 00:00:11.967933,64,0.3161040083635134,0.2728786971157723,0.0014180235840545044,229,76,COMPLETE
32,0.38648748993873594,2025-04-27 23:06:49.034085,2025-04-27 23:07:03.630880,0 days 00:00:14.596795,64,0.44230378643458224,0.3114997081091218,0.0024259756084932227,199,23,COMPLETE
33,0.38089215755462646,2025-04-27 23:07:03.631113,2025-04-27 23:07:13.734794,0 days 00:00:10.103681,64,0.2818791944391139,0.2305917289463963,0.004824154153870543,237,84,COMPLETE
34,0.3817530632019043,2025-04-27 23:07:13.735063,2025-04-27 23:07:49.143229,0 days 00:00:35.408166,32,0.3931564335459784,0.2003913090237816,0.00010522349280200795,130,66,COMPLETE
35,0.3854110658168793,2025-04-27 23:07:49.143461,2025-04-27 23:08:17.929277,0 days 00:00:28.785816,16,0.23099898957505433,0.35095366138846334,0.0008728626424504028,168,49,COMPLETE
36,0.38799495697021485,2025-04-27 23:08:17.929513,2025-04-27 23:08:42.838526,0 days 00:00:24.909013,32,0.37033651851392385,0.1431408059316655,0.0012573744392503786,38,39,COMPLETE
37,0.3806775689125061,2025-04-27 23:08:42.838762,2025-04-27 23:09:15.676528,0 days 00:00:32.837766,32,0.3586951044276091,0.10437418339815097,0.0002141785476762458,32,26,COMPLETE
38,0.38734678626060487,2025-04-27 23:09:15.676757,2025-04-27 23:09:46.101642,0 days 00:00:30.424885,32,0.3266983072437098,0.12595419229062066,0.000520979844452136,51,53,COMPLETE
39,0.3867034733295441,2025-04-27 23:09:46.101877,2025-04-27 23:10:16.380143,0 days 00:00:30.278266,32,0.3303341084575722,0.13614353206187824,0.0005473577878521128,56,53,COMPLETE
40,0.3875611424446106,2025-04-27 23:10:16.380379,2025-04-27 23:10:35.656355,0 days 00:00:19.275976,32,0.37948214966779387,0.13120316066532214,0.001321503016698375,48,62,COMPLETE
41,0.38691713809967043,2025-04-27 23:10:35.656588,2025-04-27 23:10:54.292817,0 days 00:00:18.636229,32,0.3668761905737567,0.12847359042770543,0.0013448017032459398,47,61,COMPLETE
42,0.38304431438446046,2025-04-27 23:10:54.293047,2025-04-27 23:11:23.869543,0 days 00:00:29.576496,32,0.4120921222858933,0.16833850114856508,0.0008137618591954392,40,72,COMPLETE
43,0.38347442746162413,2025-04-27 23:11:23.869780,2025-04-27 23:11:40.588735,0 days 00:00:16.718955,32,0.3777521211588383,0.12671737270299716,0.00234596472446744,74,45,COMPLETE
44,0.3826139807701111,2025-04-27 23:11:40.588971,2025-04-27 23:12:06.200909,0 days 00:00:25.611938,32,0.2972607413841255,0.14942951988524,0.0013533944374316252,43,62,COMPLETE
45,0.38541083931922915,2025-04-27 23:12:06.201185,2025-04-27 23:12:37.658178,0 days 00:00:31.456993,32,0.31983363734186476,0.1110419452518159,0.0005210238492574089,66,43,COMPLETE
46,0.38282880187034607,2025-04-27 23:12:37.658467,2025-04-27 23:13:03.621669,0 days 00:00:25.963202,32,0.2718980796620882,0.1662384172456668,0.0010423712549188584,33,94,COMPLETE
47,0.38261444568634034,2025-04-27 23:13:03.621960,2025-04-27 23:13:24.890377,0 days 00:00:21.268417,32,0.35980768041530087,0.18158720757936633,0.0008028874098418024,85,72,COMPLETE
48,0.3858404874801636,2025-04-27 23:13:24.890810,2025-04-27 23:13:42.873401,0 days 00:00:17.982591,32,0.4000230883533904,0.12012931413337563,0.00201985022822491,55,52,COMPLETE
49,0.38132249712944033,2025-04-27 23:13:42.873673,2025-04-27 23:14:01.961604,0 days 00:00:19.087931,128,0.29304321324755556,0.20686809045508703,0.0003101759994445389,69,80,COMPLETE
50,0.38368878364562986,2025-04-27 23:14:01.961881,2025-04-27 23:14:16.085491,0 days 00:00:14.123610,32,0.3298610028669701,0.14820678267097498,0.0037437503179645697,85,67,COMPLETE
51,0.38670417070388796,2025-04-27 23:14:16.085761,2025-04-27 23:14:48.988118,0 days 00:00:32.902357,32,0.35316594515555233,0.47560646822420977,0.0004608062074793208,106,30,COMPLETE
52,0.3823977649211884,2025-04-27 23:14:48.988383,2025-04-27 23:15:12.621679,0 days 00:00:23.633296,64,0.26745013088258607,0.4398902074533918,0.00034441051861540883,97,21,COMPLETE
53,0.38003078699111936,2025-04-27 23:15:12.621940,2025-04-27 23:15:46.839276,0 days 00:00:34.217336,32,0.13146448737796085,0.38221155570800364,0.00019565867158319927,47,41,COMPLETE
54,0.38304431438446046,2025-04-27 23:15:46.839528,2025-04-27 23:16:00.334945,0 days 00:00:13.495417,128,0.3471367543060248,0.10119014719050101,0.0006821881530898238,256,31,COMPLETE
55,0.3854122281074524,2025-04-27 23:16:00.335179,2025-04-27 23:16:22.888135,0 days 00:00:22.552956,64,0.37902508523718936,0.4893301200470176,0.0012093830283551896,56,36,COMPLETE
56,0.3841191291809082,2025-04-27 23:16:22.888374,2025-04-27 23:16:47.896321,0 days 00:00:25.007947,16,0.32319329728166557,0.14446776013882998,0.0009434961189781618,149,53,COMPLETE
57,0.38455039262771606,2025-04-27 23:16:47.896554,2025-04-27 23:17:17.661166,0 days 00:00:29.764612,32,0.22208538899526575,0.45135733221924257,0.000474957107120755,79,61,COMPLETE
58,0.38541245460510254,2025-04-27 23:17:17.661405,2025-04-27 23:18:08.497402,0 days 00:00:50.835997,16,0.252382165128214,0.29009434502462783,0.0003759654933824905,62,19,COMPLETE
59,0.3830454766750336,2025-04-27 23:18:08.497634,2025-04-27 23:18:28.140054,0 days 00:00:19.642420,32,0.1934987013436376,0.4293297816296594,0.0007758562995386387,134,48,COMPLETE
60,0.3871335804462433,2025-04-27 23:18:28.140318,2025-04-27 23:18:59.638302,0 days 00:00:31.497984,16,0.4216104372319467,0.39798832210642304,0.0014513319793535596,71,38,COMPLETE
61,0.3856263518333435,2025-04-27 23:18:59.638538,2025-04-27 23:19:31.085232,0 days 00:00:31.446694,16,0.40259607814340315,0.39980163415327435,0.0016012598388961733,72,38,COMPLETE
62,0.3843362629413605,2025-04-27 23:19:31.085467,2025-04-27 23:20:17.947669,0 days 00:00:46.862202,16,0.42399618786989546,0.36400724830060105,0.0005959408123392791,90,26,COMPLETE
63,0.38498119115829466,2025-04-27 23:20:17.947904,2025-04-27 23:21:01.263040,0 days 00:00:43.315136,16,0.44799483448902866,0.3837195966602212,0.0009950364356834352,43,45,COMPLETE
64,0.38584094047546386,2025-04-27 23:21:01.263277,2025-04-27 23:21:25.104741,0 days 00:00:23.841464,16,0.3774899962115748,0.18398111824658211,0.0015564112158875532,62,34,COMPLETE
65,0.3836906373500824,2025-04-27 23:21:25.104974,2025-04-27 23:21:39.887948,0 days 00:00:14.782974,64,0.4260024768091276,0.3284408110896637,0.0020057163165575543,51,91,COMPLETE
66,0.3858418643474579,2025-04-27 23:21:39.888184,2025-04-27 23:22:11.187101,0 days 00:00:31.298917,16,0.3380977071731399,0.45485110391658756,0.0012257864659745495,83,57,COMPLETE
67,0.3839047610759735,2025-04-27 23:22:11.187340,2025-04-27 23:22:24.461049,0 days 00:00:13.273709,128,0.3071745341962118,0.4138891134770724,0.001877179241571885,114,40,COMPLETE
68,0.3864870309829712,2025-04-27 23:22:24.461284,2025-04-27 23:23:06.544478,0 days 00:00:42.083194,16,0.36921698144670045,0.3976610457455139,0.0006959945088428862,95,30,COMPLETE
69,0.3791689515113831,2025-04-27 23:23:06.544712,2025-04-27 23:23:30.062988,0 days 00:00:23.518276,64,0.28857846190376596,0.4290248656784779,0.0002975521189259376,37,46,COMPLETE
70,0.3854115307331085,2025-04-27 23:23:30.063226,2025-04-27 23:24:00.253982,0 days 00:00:30.190756,16,0.3902364094762465,0.312206110410801,0.0029190158803602414,58,69,COMPLETE
71,0.38304362297058103,2025-04-27 23:24:00.254268,2025-04-27 23:24:19.424707,0 days 00:00:19.170439,32,0.3493466903778104,0.1288498188359976,0.001334786361017612,51,75,COMPLETE
72,0.38562658429145813,2025-04-27 23:24:19.424989,2025-04-27 23:24:38.415762,0 days 00:00:18.990773,32,0.36586279519932036,0.15755353918513043,0.0014574512255504403,47,82,COMPLETE
73,0.38326053619384765,2025-04-27 23:24:38.416038,2025-04-27 23:25:01.863586,0 days 00:00:23.447548,32,0.3325207513559299,0.11821101224758541,0.0010573793880580165,48,64,COMPLETE
74,0.38196719288825987,2025-04-27 23:25:01.863885,2025-04-27 23:25:28.307479,0 days 00:00:26.443594,32,0.4122979609232317,0.1359471856354858,0.0013105081942132984,39,59,COMPLETE
75,0.38325891494750974,2025-04-27 23:25:28.307752,2025-04-27 23:25:44.741130,0 days 00:00:16.433378,32,0.31095686422137436,0.1128271176868094,0.0022700975403330574,71,51,COMPLETE
76,0.38476728796958926,2025-04-27 23:25:44.741414,2025-04-27 23:26:16.817388,0 days 00:00:32.075974,32,0.43552846146593094,0.3499157717585481,0.0008872286929460779,32,55,COMPLETE
77,0.3804611265659332,2025-04-27 23:26:16.817657,2025-04-27 23:26:43.958147,0 days 00:00:27.140490,16,0.46870829600801256,0.1376581665419813,0.00961555882951241,64,69,COMPLETE
78,0.38433602452278137,2025-04-27 23:26:43.958432,2025-04-27 23:27:08.710248,0 days 00:00:24.751816,64,0.4022177265725854,0.15904749472764088,0.00041135906786146523,78,121,COMPLETE
79,0.38390523195266724,2025-04-27 23:27:08.710514,2025-04-27 23:27:43.990514,0 days 00:00:35.280000,32,0.3701832387928568,0.2795056393562164,0.00013366782506168788,104,59,COMPLETE
80,0.38433464169502257,2025-04-27 23:27:43.990779,2025-04-27 23:28:19.617618,0 days 00:00:35.626839,16,0.32620888812701865,0.17743102262038357,0.0007565681019443848,42,62,COMPLETE
81,0.38648887872695925,2025-04-27 23:28:19.617867,2025-04-27 23:28:52.676339,0 days 00:00:33.058472,32,0.3563394669851068,0.4774574853203926,0.00045608565784903665,159,29,COMPLETE
82,0.3851960122585297,2025-04-27 23:28:52.676589,2025-04-27 23:29:26.201242,0 days 00:00:33.524653,32,0.3510378651762258,0.4886660244429562,0.0005120014321372345,103,21,COMPLETE
83,0.38541176319122317,2025-04-27 23:29:26.201476,2025-04-27 23:30:00.082505,0 days 00:00:33.881029,32,0.34103454375155573,0.4596216881008103,0.0003447950395272765,114,32,COMPLETE
84,0.3862722098827362,2025-04-27 23:30:00.082742,2025-04-27 23:30:32.883413,0 days 00:00:32.800671,32,0.3847435331153836,0.4990271534198507,0.0005827101322094734,68,27,COMPLETE
85,0.38584163784980774,2025-04-27 23:30:32.883652,2025-04-27 23:30:54.932410,0 days 00:00:22.048758,32,0.30269743157588896,0.48041626192135445,0.0011776824764855355,121,37,COMPLETE
86,0.3593712687492371,2025-04-27 23:30:54.932692,2025-04-27 23:31:12.751166,0 days 00:00:17.818474,128,0.3610971154922786,0.43662862616502285,0.00024738075398188567,59,18,COMPLETE
87,0.3841202795505524,2025-04-27 23:31:12.751407,2025-04-27 23:31:43.287150,0 days 00:00:30.535743,32,0.3933004109129645,0.47171603048985006,0.0006534838160606538,88,34,COMPLETE
88,0.3867018520832062,2025-04-27 23:31:43.287387,2025-04-27 23:31:56.267640,0 days 00:00:12.980253,64,0.14895055845995525,0.3712081180881023,0.0017639971514642355,136,43,COMPLETE
89,0.38476613759994505,2025-04-27 23:31:56.267884,2025-04-27 23:32:18.443137,0 days 00:00:22.175253,32,0.3198351005769969,0.44868861347938627,0.0015163987747907847,200,23,COMPLETE
90,0.3849807262420654,2025-04-27 23:32:18.443369,2025-04-27 23:32:54.071719,0 days 00:00:35.628350,16,0.27253036974182754,0.24642838363431802,0.0008903846372862928,37,47,COMPLETE
91,0.384336256980896,2025-04-27 23:32:54.071955,2025-04-27 23:33:25.898317,0 days 00:00:31.826362,32,0.33606070939543564,0.13117712507610413,0.0005134988779058278,53,54,COMPLETE
92,0.3851973950862885,2025-04-27 23:33:25.898661,2025-04-27 23:33:56.734012,0 days 00:00:30.835351,32,0.35169852634692056,0.13956936409627627,0.000458843077157622,75,50,COMPLETE
93,0.38562612533569335,2025-04-27 23:33:56.734254,2025-04-27 23:34:16.287435,0 days 00:00:19.553181,32,0.37463221995944473,0.10994497120139936,0.0010852939936853174,58,74,COMPLETE
94,0.3843351066112518,2025-04-27 23:34:16.287667,2025-04-27 23:34:48.238049,0 days 00:00:31.950382,32,0.31668583758966473,0.1198047403182102,0.00035772738562349154,99,40,COMPLETE
95,0.3819681227207184,2025-04-27 23:34:48.238299,2025-04-27 23:35:09.985546,0 days 00:00:21.747247,32,0.10376894902911757,0.19289799514940587,0.0006199898295378476,47,65,COMPLETE
96,0.3836915612220764,2025-04-27 23:35:09.985780,2025-04-27 23:35:59.234392,0 days 00:00:49.248612,16,0.33049986118607455,0.12520460823346333,0.0003009447577553829,66,43,COMPLETE
97,0.3860566854476929,2025-04-27 23:35:59.234624,2025-04-27 23:36:21.285438,0 days 00:00:22.050814,32,0.3444111967774989,0.15569877274761387,0.0005543644103841958,83,87,COMPLETE
98,0.3832607626914978,2025-04-27 23:36:21.285672,2025-04-27 23:36:44.360730,0 days 00:00:23.075058,64,0.28841863364749915,0.17115950876599562,0.00040870322203959933,55,70,COMPLETE
99,0.3856277406215668,2025-04-27 23:36:44.360967,2025-04-27 23:37:24.130437,0 days 00:00:39.769470,16,0.3851935360231243,0.4647101187756232,0.0009592129563846962,110,36,COMPLETE
