number,value,datetime_start,datetime_complete,duration,params_batch_size,params_gamma,params_lambda_sparse,params_learning_rate,params_n_a,params_n_d,params_n_steps,state
0,0.38777712189080643,2025-04-27 23:37:55.271425,2025-04-27 23:38:29.673905,0 days 00:00:34.402480,256,1.9935815359960574,0.0001877617399799128,0.000692226370204052,15,11,2,COMPLETE
1,0.527003715406785,2025-04-27 23:38:29.674151,2025-04-27 23:39:16.512793,0 days 00:00:46.838642,256,1.3241516637982318,0.0009021798537197697,0.0022444383110845675,59,49,4,COMPLETE
2,0.5211970323043624,2025-04-27 23:39:16.513013,2025-04-27 23:39:59.695793,0 days 00:00:43.182780,256,1.3069064646532347,0.0014970819248193224,0.002668994485460326,18,19,3,COMPLETE
3,0.5313064111022374,2025-04-27 23:39:59.696008,2025-04-27 23:42:38.842332,0 days 00:02:39.146324,64,1.5621010314644768,0.0002991743674126023,0.004707317406845521,21,49,4,COMPLETE
4,0.3109533895852865,2025-04-27 23:42:38.842553,2025-04-27 23:46:13.628520,0 days 00:03:34.785967,64,1.2113103103742877,0.0006478485173697001,0.0001141809061975274,31,10,5,COMPLETE
5,0.5250673055777401,2025-04-27 23:46:13.628742,2025-04-27 23:46:59.258812,0 days 00:00:45.630070,256,1.0440076255660768,0.0006614528324421624,0.0028343587483688833,57,28,4,COMPLETE
6,0.5166767364607567,2025-04-27 23:46:59.259052,2025-04-27 23:50:15.232680,0 days 00:03:15.973628,64,1.749894876215048,0.002051338810832497,0.0015734499748937252,61,39,5,COMPLETE
7,0.3869136659837726,2025-04-27 23:50:15.232905,2025-04-27 23:51:31.412527,0 days 00:01:16.179622,128,1.906364292088428,0.0004345307394602817,0.00017379455814216596,33,30,3,COMPLETE
8,0.5078521244950635,2025-04-27 23:51:31.412770,2025-04-27 23:57:26.134829,0 days 00:05:54.722059,32,1.9033115450090308,0.0016522452996668457,0.0004356697192482648,60,32,4,COMPLETE
9,0.5110827922265819,2025-04-27 23:57:26.135058,2025-04-28 00:04:31.595649,0 days 00:07:05.460591,32,1.338310870329992,0.0007027522870843377,0.0002715270835745897,50,48,5,COMPLETE
10,0.5293709272312697,2025-04-28 00:04:31.595878,2025-04-28 00:05:36.482442,0 days 00:01:04.886564,64,1.6203723483007826,0.007511041659707295,0.006614326361558759,25,63,2,COMPLETE
11,0.5442198224475386,2025-04-28 00:05:36.482662,2025-04-28 00:06:52.593198,0 days 00:01:16.110536,64,1.5978815832275914,0.007976193392562623,0.009265245249399959,23,64,2,COMPLETE
12,0.5341023415164878,2025-04-28 00:06:52.593424,2025-04-28 00:08:24.825070,0 days 00:01:32.231646,64,1.5442781835193327,0.008804992858552777,0.008573078422974287,41,63,3,COMPLETE
13,0.5384112874289616,2025-04-28 00:08:24.825321,2025-04-28 00:09:34.967671,0 days 00:01:10.142350,64,1.7160386948978141,0.009969887568754218,0.00902793010278725,42,63,2,COMPLETE
14,0.5358313367362293,2025-04-28 00:09:34.967893,2025-04-28 00:10:13.770992,0 days 00:00:38.803099,128,1.693169731182511,0.0041894985098684156,0.009787174663756216,9,56,2,COMPLETE
15,0.5390562172297649,2025-04-28 00:10:13.771216,2025-04-28 00:11:36.512885,0 days 00:01:22.741669,64,1.7631660402580782,0.0036042882119011743,0.004638557847962496,42,58,2,COMPLETE
16,0.534320636133199,2025-04-28 00:11:36.513144,2025-04-28 00:13:18.402745,0 days 00:01:41.889601,64,1.4284156955568168,0.003965806604184208,0.00424393070907839,48,55,3,COMPLETE
17,0.5334655138488605,2025-04-28 00:13:18.402976,2025-04-28 00:15:01.674514,0 days 00:01:43.271538,64,1.8181526565347619,0.0031656550097739684,0.0009418256361649134,30,41,2,COMPLETE
18,0.5244191349236663,2025-04-28 00:15:01.674733,2025-04-28 00:15:35.836917,0 days 00:00:34.162184,128,1.4403106904724128,0.005593404801988141,0.005057227855614417,39,54,2,COMPLETE
19,0.5351803882079238,2025-04-28 00:15:35.837147,2025-04-28 00:19:52.364959,0 days 00:04:16.527812,32,1.6174165476260352,0.002378661801934898,0.0015140655002601109,26,44,3,COMPLETE
20,0.5351833975716749,2025-04-28 00:19:52.365186,2025-04-28 00:21:12.347356,0 days 00:01:19.982170,64,1.7987331769723125,0.0052838520083308416,0.0035812349983563602,47,58,2,COMPLETE
21,0.5381964651550402,2025-04-28 00:21:12.347583,2025-04-28 00:22:16.619947,0 days 00:01:04.272364,64,1.7040126307388763,0.00993934138942387,0.006556726191804058,43,64,2,COMPLETE
22,0.5392682616294546,2025-04-28 00:22:16.620174,2025-04-28 00:23:27.072805,0 days 00:01:10.452631,64,1.6787951057916521,0.007155349933508142,0.009801354343147184,37,59,2,COMPLETE
23,0.5287271548780629,2025-04-28 00:23:27.073028,2025-04-28 00:24:58.282378,0 days 00:01:31.209350,64,1.6283567166052644,0.006430035783524368,0.006737867109949948,36,58,3,COMPLETE
24,0.5360426866673611,2025-04-28 00:24:58.282598,2025-04-28 00:26:13.836352,0 days 00:01:15.553754,64,1.4782131008876276,0.0029353328659869607,0.005534669403297562,53,52,2,COMPLETE
25,0.5394879451832818,2025-04-28 00:26:13.836591,2025-04-28 00:27:29.017479,0 days 00:01:15.180888,64,1.8814515139537167,0.004476529489596367,0.00980125954517545,36,60,2,COMPLETE
26,0.538411518918481,2025-04-28 00:27:29.017697,2025-04-28 00:29:08.395125,0 days 00:01:39.377428,64,1.875889179501787,0.00011421947005652719,0.009862325636676042,27,45,3,COMPLETE
27,0.5239936571871708,2025-04-28 00:29:08.395354,2025-04-28 00:29:50.976880,0 days 00:00:42.581526,128,1.9566404774302757,0.005224157564362522,0.003615069880546071,35,60,2,COMPLETE
28,0.5366869219996065,2025-04-28 00:29:50.977113,2025-04-28 00:34:19.859201,0 days 00:04:28.882088,32,1.8448562229815233,0.0014061934217351275,0.0018453368829419402,10,52,3,COMPLETE
29,0.43446763197796223,2025-04-28 00:34:19.859425,2025-04-28 00:34:53.794989,0 days 00:00:33.935564,256,1.6656659055163932,0.005918972829925829,0.0007246426781369528,21,19,2,COMPLETE
30,0.5394860932671274,2025-04-28 00:34:53.795216,2025-04-28 00:36:03.920087,0 days 00:01:10.124871,64,1.9268174808632266,0.007332241686708868,0.007362659147635729,12,60,2,COMPLETE
31,0.5397006840515296,2025-04-28 00:36:03.920310,2025-04-28 00:37:23.318059,0 days 00:01:19.397749,64,1.9605283759579493,0.00719387549734355,0.006932817026679139,14,60,2,COMPLETE
32,0.539702535967684,2025-04-28 00:37:23.318298,2025-04-28 00:38:46.365038,0 days 00:01:23.046740,64,1.9995315499365451,0.0045402614560779864,0.006821643782383876,14,61,2,COMPLETE
33,0.5300163200111114,2025-04-28 00:38:46.365254,2025-04-28 00:40:04.665613,0 days 00:01:18.300359,64,1.9787918508806621,0.002345384597283801,0.0028597394303311384,15,52,2,COMPLETE
34,0.5173202773244442,2025-04-28 00:40:04.665841,2025-04-28 00:40:26.022206,0 days 00:00:21.356365,256,1.9651415290298735,0.0043236793822486914,0.005789139210480358,16,61,2,COMPLETE
35,0.5298010347581513,2025-04-28 00:40:26.022424,2025-04-28 00:42:24.943081,0 days 00:01:58.920657,64,1.841608725864353,0.0012735777931805233,0.003735524980690362,21,48,3,COMPLETE
36,0.5328127134044006,2025-04-28 00:42:24.943307,2025-04-28 00:44:11.262755,0 days 00:01:46.319448,64,1.994639671661476,0.0030077874694194196,0.0022570736099066235,13,20,2,COMPLETE
37,0.5274379897450143,2025-04-28 00:44:11.262985,2025-04-28 00:44:36.509076,0 days 00:00:25.246091,256,1.1555390954363796,0.004695220760322461,0.007264234735795464,20,55,3,COMPLETE
38,0.5364732571732815,2025-04-28 00:44:36.509298,2025-04-28 00:46:57.906381,0 days 00:02:21.397083,64,1.998409445002793,0.0009620316169723922,0.005317921777085316,17,23,4,COMPLETE
39,0.5392733543988796,2025-04-28 00:46:57.906603,2025-04-28 00:48:37.368162,0 days 00:01:39.461559,64,1.895533291261318,0.0002851938049922112,0.003113285328926183,23,36,2,COMPLETE
40,0.47923261224348074,2025-04-28 00:48:37.368393,2025-04-28 00:50:11.578885,0 days 00:01:34.210492,128,1.7903218208181828,0.0017631741299127671,0.00039080115032678946,29,64,4,COMPLETE
41,0.5328150282995938,2025-04-28 00:50:11.579111,2025-04-28 00:51:18.929537,0 days 00:01:07.350426,64,1.9092462907081864,0.007211250038174211,0.0070300439502018605,12,61,2,COMPLETE
42,0.5384101299813651,2025-04-28 00:51:18.929760,2025-04-28 00:52:26.143542,0 days 00:01:07.213782,64,1.9367725895611534,0.008568666970488432,0.008104854661269695,12,57,2,COMPLETE
43,0.5396995266039329,2025-04-28 00:52:26.143765,2025-04-28 00:53:49.269226,0 days 00:01:23.125461,64,1.865596336642472,0.006723040619874362,0.007748243746610201,8,50,2,COMPLETE
44,0.5293716216998275,2025-04-28 00:53:49.269458,2025-04-28 00:55:20.174184,0 days 00:01:30.904726,64,1.8646596922052092,0.005689039164334114,0.004246299043335107,9,13,2,COMPLETE
45,0.5405615935738509,2025-04-28 00:55:20.174417,2025-04-28 01:01:47.067039,0 days 00:06:26.892622,32,1.746804352870004,0.0032986602267327213,0.005948805170052462,15,50,5,COMPLETE
46,0.3843318633748857,2025-04-28 01:01:47.067270,2025-04-28 01:08:51.162932,0 days 00:07:04.095662,32,1.7636747073577024,0.0035894352797223327,0.00011282402125880597,8,46,5,COMPLETE
47,0.5300186349063046,2025-04-28 01:08:51.163159,2025-04-28 01:14:52.516004,0 days 00:06:01.352845,32,1.5381657587853528,0.008680166047897763,0.0023115102187838145,19,50,5,COMPLETE
48,0.5414227345856916,2025-04-28 01:14:52.516228,2025-04-28 01:21:35.273934,0 days 00:06:42.757706,32,1.7398307207073958,0.0025380854613880513,0.005997777963902,15,41,5,COMPLETE
49,0.5386261097028832,2025-04-28 01:21:35.274158,2025-04-28 01:28:16.819648,0 days 00:06:41.545490,32,1.7345712548286483,0.002563544425601823,0.005553073644736988,23,37,5,COMPLETE
50,0.5248524833038184,2025-04-28 01:28:16.819876,2025-04-28 01:35:25.239092,0 days 00:07:08.419216,32,1.6016641456345977,0.0018685083695186807,0.0014140989724293603,18,42,5,COMPLETE
51,0.5418544625392085,2025-04-28 01:35:25.239318,2025-04-28 01:41:50.991804,0 days 00:06:25.752486,32,1.814995445920867,0.0035337432131006485,0.007971671104795856,14,35,5,COMPLETE
52,0.5332497656168617,2025-04-28 01:41:50.992032,2025-04-28 01:47:14.280728,0 days 00:05:23.288696,32,1.7930438020943196,0.0038111500846722724,0.0061849057871308216,15,33,5,COMPLETE
53,0.5429285739088163,2025-04-28 01:47:14.280957,2025-04-28 01:52:29.806661,0 days 00:05:15.525704,32,1.6670190573290167,0.0011452495973880213,0.004620002630627175,64,28,4,COMPLETE
54,0.5414236605437689,2025-04-28 01:52:29.806890,2025-04-28 01:57:38.712486,0 days 00:05:08.905596,32,1.5606626244058643,0.000753681791088492,0.0045867709246927004,55,29,4,COMPLETE
55,0.5491697628389873,2025-04-28 01:57:38.712717,2025-04-28 02:02:32.626305,0 days 00:04:53.913588,32,1.577422817894773,0.0007014880577066667,0.004512844788098196,62,26,4,COMPLETE
56,0.5422836441080131,2025-04-28 02:02:32.626526,2025-04-28 02:07:08.525914,0 days 00:04:35.899388,32,1.5795403898356088,0.0005347583806557519,0.0045945817395016495,64,27,4,COMPLETE
57,0.5463703600819474,2025-04-28 02:07:08.526142,2025-04-28 02:12:19.924243,0 days 00:05:11.398101,32,1.5037518835927735,0.0005366412893949933,0.004538903146211811,64,27,4,COMPLETE
58,0.5414238920332882,2025-04-28 02:12:19.924476,2025-04-28 02:17:43.531316,0 days 00:05:23.606840,32,1.3428732525408038,0.0005338667293369294,0.0032412904069885227,64,26,4,COMPLETE
59,0.5446501614639397,2025-04-28 02:17:43.531544,2025-04-28 02:23:28.671487,0 days 00:05:45.139943,32,1.4974631843139672,0.00035549692616478133,0.002547272625439762,64,26,4,COMPLETE
60,0.545296480201859,2025-04-28 02:23:28.671714,2025-04-28 02:29:26.907445,0 days 00:05:58.235731,32,1.5066167558956276,0.0003546921833770917,0.0026083534373474437,64,26,4,COMPLETE
61,0.5459425674502587,2025-04-28 02:29:26.907672,2025-04-28 02:35:13.815685,0 days 00:05:46.908013,32,1.498196244697111,0.00033887488426476717,0.0025201776579996515,64,26,4,COMPLETE
62,0.5341078972649513,2025-04-28 02:35:13.815902,2025-04-28 02:40:38.154943,0 days 00:05:24.339041,32,1.5027037415557554,0.0003147275921894798,0.001787851183395741,59,24,4,COMPLETE
63,0.5351813141660011,2025-04-28 02:40:38.155164,2025-04-28 02:46:34.513113,0 days 00:05:56.357949,32,1.3997108339546191,0.0003639252570913529,0.0011930897163011066,62,32,4,COMPLETE
64,0.5394874822042433,2025-04-28 02:46:34.513347,2025-04-28 02:51:24.114618,0 days 00:04:49.601271,32,1.5009610718795998,0.00020221481492017131,0.0025254948013916628,57,21,4,COMPLETE
65,0.5401303285993727,2025-04-28 02:51:24.114843,2025-04-28 02:56:47.038408,0 days 00:05:22.923565,32,1.6541979824274544,0.0002122775410275128,0.0020186865442018455,62,30,4,COMPLETE
66,0.5397018414991261,2025-04-28 02:56:47.038635,2025-04-28 03:02:37.837720,0 days 00:05:50.799085,32,1.464780564435276,0.0005854591669436263,0.003774045389279026,57,16,4,COMPLETE
67,0.5379811799020799,2025-04-28 03:02:37.837943,2025-04-28 03:08:09.032506,0 days 00:05:31.194563,32,1.5205103687676793,0.00043078282968670464,0.002681877663284917,61,25,4,COMPLETE
68,0.4353313193745153,2025-04-28 03:08:09.032728,2025-04-28 03:14:05.180242,0 days 00:05:56.147514,32,1.4148617546347024,0.0008034988597007764,0.00014768258356660959,53,22,4,COMPLETE
69,0.530018866395824,2025-04-28 03:14:05.180471,2025-04-28 03:19:59.719190,0 days 00:05:54.538719,32,1.3796026324051356,0.00024679536688389844,0.0009642032446989557,59,28,4,COMPLETE
70,0.5345343009595241,2025-04-28 03:19:59.719420,2025-04-28 03:21:06.636983,0 days 00:01:06.917563,128,1.2739837589097327,0.00015583563702247345,0.0031144713722379737,64,31,4,COMPLETE
71,0.5416384828176904,2025-04-28 03:21:06.637204,2025-04-28 03:26:21.705045,0 days 00:05:15.067841,32,1.5681872491343627,0.00047088745020833493,0.004209239755849709,64,27,4,COMPLETE
72,0.5461553063185065,2025-04-28 03:26:21.705278,2025-04-28 03:31:07.996679,0 days 00:04:46.291401,32,1.4511888875786674,0.00036052587829359784,0.004997435212777072,62,17,4,COMPLETE
73,0.5371170295264881,2025-04-28 03:31:07.996913,2025-04-28 03:36:45.674027,0 days 00:05:37.677114,32,1.4589839109630431,0.0003770619368009071,0.0019501368940999116,62,19,4,COMPLETE
74,0.5390522819079366,2025-04-28 03:36:45.674258,2025-04-28 03:41:54.268861,0 days 00:05:08.594603,32,1.650762508469836,0.0012344181739629755,0.005003768336091369,60,17,4,COMPLETE
75,0.5369038276792019,2025-04-28 03:41:54.269105,2025-04-28 03:46:41.855132,0 days 00:04:47.586027,32,1.6002459646010097,0.00031956485073138333,0.0034612453719957996,55,8,4,COMPLETE
76,0.5259265946734262,2025-04-28 03:46:41.855357,2025-04-28 03:47:31.768673,0 days 00:00:49.913316,256,1.5291246386507775,0.0006609428390337177,0.0025212636557978858,61,25,4,COMPLETE
77,0.5310911258492771,2025-04-28 03:47:31.768901,2025-04-28 03:52:15.589294,0 days 00:04:43.820393,32,1.4879944035135682,0.0002668111651244504,0.004050853854566057,59,34,4,COMPLETE
78,0.5345403196870262,2025-04-28 03:52:15.589528,2025-04-28 03:58:11.651279,0 days 00:05:56.061751,32,1.4427363362631334,0.0003851620298242641,0.0012940708906861156,63,17,4,COMPLETE
79,0.5379807169230414,2025-04-28 03:58:11.651514,2025-04-28 04:02:06.752146,0 days 00:03:55.100632,32,1.3772857771488114,0.0008614746942911334,0.002904264885450934,57,23,3,COMPLETE
80,0.5078484206627546,2025-04-28 04:02:06.752369,2025-04-28 04:03:40.698355,0 days 00:01:33.945986,128,1.6303984126497086,0.0010866770288881847,0.0007599075431589499,55,38,4,COMPLETE
81,0.5414211141590565,2025-04-28 04:03:40.698580,2025-04-28 04:08:50.728145,0 days 00:05:10.029565,32,1.5522070840396303,0.0005164082552711165,0.004826054418479571,64,27,4,COMPLETE
82,0.5386233318286514,2025-04-28 04:08:50.728370,2025-04-28 04:13:37.717342,0 days 00:04:46.988972,32,1.5822589085860062,0.0004280238618805353,0.004572747128320686,60,29,4,COMPLETE
83,0.5407778047848883,2025-04-28 04:13:37.717569,2025-04-28 04:17:45.006378,0 days 00:04:07.288809,32,1.591117123915981,0.0005839097924964368,0.008724991210760953,62,26,4,COMPLETE
84,0.5377617278377722,2025-04-28 04:17:45.006599,2025-04-28 04:23:13.785333,0 days 00:05:28.778734,32,1.6927564140688451,0.00035388372005920246,0.003299074038243392,63,13,4,COMPLETE
85,0.5235626237022118,2025-04-28 04:23:13.785563,2025-04-28 04:24:04.520910,0 days 00:00:50.735347,256,1.5098155336336214,0.0004707932858781229,0.003896992302644874,58,21,4,COMPLETE
86,0.5326002060256722,2025-04-28 04:24:04.521128,2025-04-28 04:28:55.854565,0 days 00:04:51.333437,32,1.483544902000235,0.0002435005760388638,0.0021793266673363573,46,31,4,COMPLETE
87,0.5379802539440026,2025-04-28 04:28:55.854794,2025-04-28 04:33:01.720832,0 days 00:04:05.866038,32,1.6182089289964783,0.00016278797032278817,0.0029074926793548487,32,24,3,COMPLETE
88,0.5461580841927381,2025-04-28 04:33:01.721099,2025-04-28 04:38:25.869938,0 days 00:05:24.148839,32,1.5426888596734407,0.000565609778455548,0.005406987785414082,63,29,4,COMPLETE
89,0.5319552762248689,2025-04-28 04:38:25.870171,2025-04-28 04:44:21.939004,0 days 00:05:56.068833,32,1.5384831508175394,0.0007194532112661155,0.0016273083679790646,61,29,4,COMPLETE
90,0.5496021852610623,2025-04-28 04:44:21.939228,2025-04-28 04:49:42.487969,0 days 00:05:20.548741,32,1.446031435208993,0.0005789918990634653,0.005065067559360507,52,23,4,COMPLETE
91,0.5431429332036992,2025-04-28 04:49:42.488198,2025-04-28 04:54:44.976471,0 days 00:05:02.488273,32,1.43992885289471,0.0003303944850294322,0.005063826900958226,52,22,4,COMPLETE
92,0.5418516846649768,2025-04-28 04:54:44.976701,2025-04-28 04:59:34.509480,0 days 00:04:49.532779,32,1.4390978784752193,0.00033942956854869324,0.00638145925428366,51,22,4,COMPLETE
93,0.5440050001736172,2025-04-28 04:59:34.509707,2025-04-28 05:04:04.571496,0 days 00:04:30.061789,32,1.4673589966179055,0.0004074290413803596,0.005161764908749237,51,18,4,COMPLETE
94,0.5433621537784877,2025-04-28 05:04:04.571724,2025-04-28 05:09:01.382724,0 days 00:04:56.811000,32,1.463876060095099,0.0005889264212286436,0.008814860334820393,49,18,4,COMPLETE
95,0.5399171267520864,2025-04-28 05:09:01.382958,2025-04-28 05:14:33.566515,0 days 00:05:32.183557,32,1.4119251013951801,0.00039871529715838867,0.005594830475286924,46,15,4,COMPLETE
96,0.5433621537784876,2025-04-28 05:14:33.566740,2025-04-28 05:19:17.789347,0 days 00:04:44.222607,32,1.3576709594727778,0.0004697410490321497,0.004082886390618222,58,24,4,COMPLETE
97,0.4990321423197564,2025-04-28 05:19:17.789578,2025-04-28 05:20:51.499700,0 days 00:01:33.710122,128,1.302767960832945,0.0006393184118647868,0.0004976952711183622,60,19,4,COMPLETE
98,0.5298038126323831,2025-04-28 05:20:51.499914,2025-04-28 05:21:31.748329,0 days 00:00:40.248415,256,1.0159727270030148,0.000283578314055571,0.007483791076013802,44,20,4,COMPLETE
99,0.5450809634593794,2025-04-28 05:21:31.748548,2025-04-28 05:25:25.774141,0 days 00:03:54.025593,32,1.5175412682135978,0.0009309376355894663,0.0034841972353781376,63,26,3,COMPLETE
